2026-04-19 09:50:35.748 INFO  [main][PortalContextLoaderListener:531] JVM arguments: --add-opens=java.base/java.lang=ALL-UNNAMED --add-opens=java.base/java.lang.invoke=ALL-UNNAMED --add-opens=java.base/java.lang.reflect=ALL-UNNAMED --add-opens=java.base/java.net=ALL-UNNAMED --add-opens=java.base/java.util=ALL-UNNAMED --add-opens=java.base/sun.net.www.protocol.http=ALL-UNNAMED --add-opens=java.base/sun.net.www.protocol.https=ALL-UNNAMED --add-opens=java.base/sun.util.calendar=ALL-UNNAMED --add-opens=java.rmi/sun.rmi.transport=ALL-UNNAMED --add-opens=jdk.zipfs/jdk.nio.zipfs=ALL-UNNAMED -Djava.util.logging.config.file=/opt/liferay/tomcat/conf/logging.properties -Djava.util.logging.manager=org.apache.juli.ClassLoaderLogManager -Djdk.tls.ephemeralDHKeySize=2048 -Djava.protocol.handler.pkgs=org.apache.catalina.webresources -Dsun.io.useCanonCaches=false -Dorg.apache.catalina.security.SecurityListener.UMASK=0027 --add-opens=java.base/java.lang=ALL-UNNAMED --add-opens=java.base/java.lang.reflect=ALL-UNNAMED --add-opens=java.base/java.io=ALL-UNNAMED --add-opens=java.base/java.util=ALL-UNNAMED --add-opens=java.base/java.util.concurrent=ALL-UNNAMED --add-opens=java.rmi/sun.rmi.transport=ALL-UNNAMED -Dfile.encoding=UTF-8 -Djava.net.preferIPv4Stack=true -Duser.timezone=GMT -Xms2560m -Xmx2560m -XX:MaxNewSize=1536m -XX:MaxMetaspaceSize=768m -XX:MetaspaceSize=768m -XX:NewSize=1536m -XX:SurvivorRatio=7 -Xms2048m -Xmx5120m -XX:MaxMetaspaceSize=768m -XX:MetaspaceSize=768m -XX:NewSize=1689m -XX:MaxNewSize=1689m -Dfile.encoding=UTF8 -Duser.timezone=GMT --add-opens=java.base/java.lang=ALL-UNNAMED --add-opens=java.base/java.lang.reflect=ALL-UNNAMED --add-opens=java.base/java.net=ALL-UNNAMED --add-opens=java.base/java.util=ALL-UNNAMED --add-opens=java.base/java.util.concurrent=ALL-UNNAMED --add-opens=java.base/java.text=ALL-UNNAMED --add-opens=java.base/java.time=ALL-UNNAMED --add-opens=java.base/sun.net.www.protocol.http=ALL-UNNAMED --add-opens=java.base/sun.net.www.protocol.https=ALL-UNNAMED --add-opens=java.base/sun.nio.ch=ALL-UNNAMED --add-opens=java.base/sun.security.action=ALL-UNNAMED --add-opens=java.base/sun.security.ssl=ALL-UNNAMED --add-opens=java.base/sun.security.util=ALL-UNNAMED --add-opens=java.base/sun.security.x509=ALL-UNNAMED --add-opens=java.base/sun.util.calendar=ALL-UNNAMED --add-opens=java.security.sasl/conf=ALL-UNNAMED --add-opens=java.management/sun.management=ALL-UNNAMED --add-opens=jdk.management/com.sun.management.internal=ALL-UNNAMED -XX:TieredStopAtLevel=1 -Dcatalina.base=/opt/liferay/tomcat -Dcatalina.home=/opt/liferay/tomcat -Djava.io.tmpdir=/opt/liferay/tomcat/temp
2026-04-19 09:50:35.754 INFO  [main][AutoDeployDir:306] Processing activation-key-dxpdevelopment-7.4-developeractivationkeys.xml
2026-04-19 09:50:35.758 INFO  [main][AutoDeployDir:306] Processing trial-dxp-license-1776385159000.xml
2026-04-19 09:50:35.832 WARN  [SystemExecutorServiceUtil-1][DataSourceFactoryUtil:219] Property db.type is an invalid HikariCP property
java.lang.NullPointerException: Cannot invoke "java.lang.reflect.Method.getReturnType()" because "getterMethod" is null
	at com.liferay.portal.kernel.dao.jdbc.DataSourceFactoryUtil._setProperty(DataSourceFactoryUtil.java:499) ~[portal-kernel.jar:?]
	at com.liferay.portal.kernel.dao.jdbc.DataSourceFactoryUtil.initDataSourceHikariCP(DataSourceFactoryUtil.java:215) ~[portal-kernel.jar:?]
	at com.liferay.portal.kernel.dao.jdbc.DataSourceFactoryUtil.initDataSource(DataSourceFactoryUtil.java:153) ~[portal-kernel.jar:?]
	at com.liferay.portal.dao.init.DBInitUtil._initDataSource(DBInitUtil.java:237) ~[portal-impl.jar:?]
	at com.liferay.portal.dao.init.DBInitUtil.init(DBInitUtil.java:62) ~[portal-impl.jar:?]
	at com.liferay.portal.spring.context.PortalContextLoaderListener.lambda$_contextInitialized$1(PortalContextLoaderListener.java:369) ~[portal-impl.jar:?]
	at java.util.concurrent.FutureTask.run(FutureTask.java:317) ~[?:?]
	at java.util.concurrent.ThreadPoolExecutor.runWorker(ThreadPoolExecutor.java:1144) ~[?:?]
	at java.util.concurrent.ThreadPoolExecutor$Worker.run(ThreadPoolExecutor.java:642) ~[?:?]
	at java.lang.Thread.run(Thread.java:1583) [?:?]
2026-04-19 09:50:35.837 WARN  [SystemExecutorServiceUtil-1][DataSourceFactoryUtil:219] Property enabled is an invalid HikariCP property
java.lang.NullPointerException: Cannot invoke "java.lang.reflect.Method.getReturnType()" because "getterMethod" is null
	at com.liferay.portal.kernel.dao.jdbc.DataSourceFactoryUtil._setProperty(DataSourceFactoryUtil.java:499) ~[portal-kernel.jar:?]
	at com.liferay.portal.kernel.dao.jdbc.DataSourceFactoryUtil.initDataSourceHikariCP(DataSourceFactoryUtil.java:215) ~[portal-kernel.jar:?]
	at com.liferay.portal.kernel.dao.jdbc.DataSourceFactoryUtil.initDataSource(DataSourceFactoryUtil.java:153) ~[portal-kernel.jar:?]
	at com.liferay.portal.dao.init.DBInitUtil._initDataSource(DBInitUtil.java:237) ~[portal-impl.jar:?]
	at com.liferay.portal.dao.init.DBInitUtil.init(DBInitUtil.java:62) ~[portal-impl.jar:?]
	at com.liferay.portal.spring.context.PortalContextLoaderListener.lambda$_contextInitialized$1(PortalContextLoaderListener.java:369) ~[portal-impl.jar:?]
	at java.util.concurrent.FutureTask.run(FutureTask.java:317) ~[?:?]
	at java.util.concurrent.ThreadPoolExecutor.runWorker(ThreadPoolExecutor.java:1144) ~[?:?]
	at java.util.concurrent.ThreadPoolExecutor$Worker.run(ThreadPoolExecutor.java:642) ~[?:?]
	at java.lang.Thread.run(Thread.java:1583) [?:?]
2026-04-19 09:50:36.495 WARN  [SystemExecutorServiceUtil-1][DialectDetector:73] Liferay is configured to use Hypersonic as its database. Do NOT use Hypersonic in production. Hypersonic is an embedded database useful for development and demonstration purposes. The database settings can be changed in portal-ext.properties.
2026-04-19 09:50:36.496 INFO  [SystemExecutorServiceUtil-1][DialectDetector:134] Using dialect com.liferay.portal.dao.orm.hibernate.HSQLDialect for HSQL Database Engine 2.7
2026-04-19 09:50:36.937 ERROR [main][PortalContextLoaderListener:212] org.hibernate.service.spi.ServiceException: Unable to create requested service [org.hibernate.engine.jdbc.env.spi.JdbcEnvironment]
java.util.concurrent.ExecutionException: org.hibernate.service.spi.ServiceException: Unable to create requested service [org.hibernate.engine.jdbc.env.spi.JdbcEnvironment]
	at java.util.concurrent.FutureTask.report(FutureTask.java:122) ~[?:?]
	at java.util.concurrent.FutureTask.get(FutureTask.java:191) ~[?:?]
	at com.liferay.portal.spring.context.PortalContextLoaderListener._contextInitialized(PortalContextLoaderListener.java:402) ~[portal-impl.jar:?]
	at com.liferay.portal.spring.context.PortalContextLoaderListener.contextInitialized(PortalContextLoaderListener.java:209) [portal-impl.jar:?]
	at jdk.internal.reflect.DirectMethodHandleAccessor.invoke(DirectMethodHandleAccessor.java:103) ~[?:?]
	at java.lang.reflect.Method.invoke(Method.java:580) ~[?:?]
	at com.liferay.shielded.container.internal.proxy.ContextClassLoaderInvocationHandler.invoke(ContextClassLoaderInvocationHandler.java:34) [com.liferay.shielded.container.impl.jar:?]
	at com.liferay.shielded.container.internal.proxy.EventListenerInvocationHandler.invoke(EventListenerInvocationHandler.java:55) [com.liferay.shielded.container.impl.jar:?]
	at jdk.proxy3.$Proxy21.contextInitialized(Unknown Source) [?:?]
	at org.apache.catalina.core.StandardContext.listenerStart(StandardContext.java:4032) [catalina.jar:10.1.54]
	at org.apache.catalina.core.StandardContext.startInternal(StandardContext.java:4462) [catalina.jar:10.1.54]
	at org.apache.catalina.util.LifecycleBase.start(LifecycleBase.java:164) [catalina.jar:10.1.54]
	at org.apache.catalina.core.ContainerBase.addChildInternal(ContainerBase.java:597) [catalina.jar:10.1.54]
	at org.apache.catalina.core.ContainerBase.addChild(ContainerBase.java:569) [catalina.jar:10.1.54]
	at org.apache.catalina.core.StandardHost.addChild(StandardHost.java:665) [catalina.jar:10.1.54]
	at org.apache.catalina.startup.HostConfig.deployDescriptor(HostConfig.java:629) [catalina.jar:10.1.54]
	at org.apache.catalina.startup.HostConfig$DeployDescriptor.run(HostConfig.java:1878) [catalina.jar:10.1.54]
	at java.util.concurrent.Executors$RunnableAdapter.call(Executors.java:572) [?:?]
	at java.util.concurrent.FutureTask.run(FutureTask.java:317) [?:?]
	at org.apache.tomcat.util.threads.InlineExecutorService.execute(InlineExecutorService.java:81) [tomcat-util.jar:10.1.54]
	at java.util.concurrent.AbstractExecutorService.submit(AbstractExecutorService.java:123) [?:?]
	at org.apache.catalina.startup.HostConfig.deployDescriptors(HostConfig.java:524) [catalina.jar:10.1.54]
	at org.apache.catalina.startup.HostConfig.deployApps(HostConfig.java:415) [catalina.jar:10.1.54]
	at org.apache.catalina.startup.HostConfig.start(HostConfig.java:1618) [catalina.jar:10.1.54]
	at org.apache.catalina.startup.HostConfig.lifecycleEvent(HostConfig.java:300) [catalina.jar:10.1.54]
	at org.apache.catalina.util.LifecycleBase.fireLifecycleEvent(LifecycleBase.java:109) [catalina.jar:10.1.54]
	at org.apache.catalina.util.LifecycleBase.setStateInternal(LifecycleBase.java:389) [catalina.jar:10.1.54]
	at org.apache.catalina.util.LifecycleBase.setState(LifecycleBase.java:336) [catalina.jar:10.1.54]
	at org.apache.catalina.core.ContainerBase.startInternal(ContainerBase.java:774) [catalina.jar:10.1.54]
	at org.apache.catalina.core.StandardHost.startInternal(StandardHost.java:783) [catalina.jar:10.1.54]
	at org.apache.catalina.util.LifecycleBase.start(LifecycleBase.java:164) [catalina.jar:10.1.54]
	at org.apache.catalina.core.ContainerBase$StartChild.call(ContainerBase.java:1201) [catalina.jar:10.1.54]
	at org.apache.catalina.core.ContainerBase$StartChild.call(ContainerBase.java:1191) [catalina.jar:10.1.54]
	at java.util.concurrent.FutureTask.run(FutureTask.java:317) [?:?]
	at org.apache.tomcat.util.threads.InlineExecutorService.execute(InlineExecutorService.java:81) [tomcat-util.jar:10.1.54]
	at java.util.concurrent.AbstractExecutorService.submit(AbstractExecutorService.java:145) [?:?]
	at org.apache.catalina.core.ContainerBase.startInternal(ContainerBase.java:747) [catalina.jar:10.1.54]
	at org.apache.catalina.core.StandardEngine.startInternal(StandardEngine.java:201) [catalina.jar:10.1.54]
	at org.apache.catalina.util.LifecycleBase.start(LifecycleBase.java:164) [catalina.jar:10.1.54]
	at org.apache.catalina.core.StandardService.startInternal(StandardService.java:410) [catalina.jar:10.1.54]
	at org.apache.catalina.util.LifecycleBase.start(LifecycleBase.java:164) [catalina.jar:10.1.54]
	at org.apache.catalina.core.StandardServer.startInternal(StandardServer.java:868) [catalina.jar:10.1.54]
	at org.apache.catalina.util.LifecycleBase.start(LifecycleBase.java:164) [catalina.jar:10.1.54]
	at org.apache.catalina.startup.Catalina.start(Catalina.java:758) [catalina.jar:10.1.54]
	at jdk.internal.reflect.DirectMethodHandleAccessor.invoke(DirectMethodHandleAccessor.java:103) ~[?:?]
	at java.lang.reflect.Method.invoke(Method.java:580) ~[?:?]
	at org.apache.catalina.startup.Bootstrap.start(Bootstrap.java:342) [bootstrap.jar:10.1.54]
	at org.apache.catalina.startup.Bootstrap.main(Bootstrap.java:473) [bootstrap.jar:10.1.54]
Caused by: org.hibernate.service.spi.ServiceException: Unable to create requested service [org.hibernate.engine.jdbc.env.spi.JdbcEnvironment]
	at org.hibernate.service.internal.AbstractServiceRegistryImpl.createService(AbstractServiceRegistryImpl.java:275) ~[hibernate-core.jar:5.6.7.Final]
	at org.hibernate.service.internal.AbstractServiceRegistryImpl.initializeService(AbstractServiceRegistryImpl.java:237) ~[hibernate-core.jar:5.6.7.Final]
	at org.hibernate.service.internal.AbstractServiceRegistryImpl.getService(AbstractServiceRegistryImpl.java:214) ~[hibernate-core.jar:5.6.7.Final]
	at org.hibernate.id.factory.internal.DefaultIdentifierGeneratorFactory.injectServices(DefaultIdentifierGeneratorFactory.java:175) ~[hibernate-core.jar:5.6.7.Final]
	at org.hibernate.service.internal.AbstractServiceRegistryImpl.injectDependencies(AbstractServiceRegistryImpl.java:286) ~[hibernate-core.jar:5.6.7.Final]
	at org.hibernate.service.internal.AbstractServiceRegistryImpl.initializeService(AbstractServiceRegistryImpl.java:243) ~[hibernate-core.jar:5.6.7.Final]
	at org.hibernate.service.internal.AbstractServiceRegistryImpl.getService(AbstractServiceRegistryImpl.java:214) ~[hibernate-core.jar:5.6.7.Final]
	at org.hibernate.boot.internal.InFlightMetadataCollectorImpl.<init>(InFlightMetadataCollectorImpl.java:173) ~[hibernate-core.jar:5.6.7.Final]
	at org.hibernate.boot.model.process.spi.MetadataBuildingProcess.complete(MetadataBuildingProcess.java:127) ~[hibernate-core.jar:5.6.7.Final]
	at org.hibernate.boot.model.process.spi.MetadataBuildingProcess.build(MetadataBuildingProcess.java:86) ~[hibernate-core.jar:5.6.7.Final]
	at org.hibernate.boot.internal.MetadataBuilderImpl.build(MetadataBuilderImpl.java:479) ~[hibernate-core.jar:5.6.7.Final]
	at org.hibernate.boot.internal.MetadataBuilderImpl.build(MetadataBuilderImpl.java:85) ~[hibernate-core.jar:5.6.7.Final]
	at org.hibernate.cfg.Configuration.buildSessionFactory(Configuration.java:709) ~[hibernate-core.jar:5.6.7.Final]
	at org.hibernate.cfg.Configuration.buildSessionFactory(Configuration.java:746) ~[hibernate-core.jar:5.6.7.Final]
	at com.liferay.portal.spring.hibernate.PortalHibernateConfiguration._buildSessionFactory(PortalHibernateConfiguration.java:260) ~[portal-impl.jar:?]
	at com.liferay.portal.spring.hibernate.PortalHibernateConfiguration.afterPropertiesSet(PortalHibernateConfiguration.java:162) ~[portal-impl.jar:?]
	at com.liferay.portal.spring.context.PortalContextLoaderListener.lambda$_contextInitialized$0(PortalContextLoaderListener.java:383) ~[portal-impl.jar:?]
	at java.util.concurrent.FutureTask.run(FutureTask.java:317) ~[?:?]
	at java.util.concurrent.ThreadPoolExecutor.runWorker(ThreadPoolExecutor.java:1144) ~[?:?]
	at java.util.concurrent.ThreadPoolExecutor$Worker.run(ThreadPoolExecutor.java:642) ~[?:?]
	at java.lang.Thread.run(Thread.java:1583) ~[?:?]
Caused by: org.hibernate.boot.registry.selector.spi.StrategySelectionException: Unable to resolve name [com.liferay.portal.dao.db.hibernate.MySQL8Dialect] as strategy [org.hibernate.dialect.Dialect]
	at org.hibernate.boot.registry.selector.internal.StrategySelectorImpl.selectStrategyImplementor(StrategySelectorImpl.java:156) ~[hibernate-core.jar:5.6.7.Final]
	at org.hibernate.boot.registry.selector.internal.StrategySelectorImpl.resolveStrategy(StrategySelectorImpl.java:239) ~[hibernate-core.jar:5.6.7.Final]
	at org.hibernate.boot.registry.selector.internal.StrategySelectorImpl.resolveDefaultableStrategy(StrategySelectorImpl.java:183) ~[hibernate-core.jar:5.6.7.Final]
	at org.hibernate.boot.registry.selector.internal.StrategySelectorImpl.resolveDefaultableStrategy(StrategySelectorImpl.java:170) ~[hibernate-core.jar:5.6.7.Final]
	at org.hibernate.boot.registry.selector.internal.StrategySelectorImpl.resolveStrategy(StrategySelectorImpl.java:164) ~[hibernate-core.jar:5.6.7.Final]
	at org.hibernate.engine.jdbc.dialect.internal.DialectFactoryImpl.constructDialect(DialectFactoryImpl.java:74) ~[hibernate-core.jar:5.6.7.Final]
	at org.hibernate.engine.jdbc.dialect.internal.DialectFactoryImpl.buildDialect(DialectFactoryImpl.java:51) ~[hibernate-core.jar:5.6.7.Final]
	at org.hibernate.engine.jdbc.env.internal.JdbcEnvironmentInitiator.initiateService(JdbcEnvironmentInitiator.java:138) ~[hibernate-core.jar:5.6.7.Final]
	at org.hibernate.engine.jdbc.env.internal.JdbcEnvironmentInitiator.initiateService(JdbcEnvironmentInitiator.java:35) ~[hibernate-core.jar:5.6.7.Final]
	at org.hibernate.boot.registry.internal.StandardServiceRegistryImpl.initiateService(StandardServiceRegistryImpl.java:101) ~[hibernate-core.jar:5.6.7.Final]
	at org.hibernate.service.internal.AbstractServiceRegistryImpl.createService(AbstractServiceRegistryImpl.java:263) ~[hibernate-core.jar:5.6.7.Final]
	at org.hibernate.service.internal.AbstractServiceRegistryImpl.initializeService(AbstractServiceRegistryImpl.java:237) ~[hibernate-core.jar:5.6.7.Final]
	at org.hibernate.service.internal.AbstractServiceRegistryImpl.getService(AbstractServiceRegistryImpl.java:214) ~[hibernate-core.jar:5.6.7.Final]
	at org.hibernate.id.factory.internal.DefaultIdentifierGeneratorFactory.injectServices(DefaultIdentifierGeneratorFactory.java:175) ~[hibernate-core.jar:5.6.7.Final]
	at org.hibernate.service.internal.AbstractServiceRegistryImpl.injectDependencies(AbstractServiceRegistryImpl.java:286) ~[hibernate-core.jar:5.6.7.Final]
	at org.hibernate.service.internal.AbstractServiceRegistryImpl.initializeService(AbstractServiceRegistryImpl.java:243) ~[hibernate-core.jar:5.6.7.Final]
	at org.hibernate.service.internal.AbstractServiceRegistryImpl.getService(AbstractServiceRegistryImpl.java:214) ~[hibernate-core.jar:5.6.7.Final]
	at org.hibernate.boot.internal.InFlightMetadataCollectorImpl.<init>(InFlightMetadataCollectorImpl.java:173) ~[hibernate-core.jar:5.6.7.Final]
	at org.hibernate.boot.model.process.spi.MetadataBuildingProcess.complete(MetadataBuildingProcess.java:127) ~[hibernate-core.jar:5.6.7.Final]
	at org.hibernate.boot.model.process.spi.MetadataBuildingProcess.build(MetadataBuildingProcess.java:86) ~[hibernate-core.jar:5.6.7.Final]
	at org.hibernate.boot.internal.MetadataBuilderImpl.build(MetadataBuilderImpl.java:479) ~[hibernate-core.jar:5.6.7.Final]
	at org.hibernate.boot.internal.MetadataBuilderImpl.build(MetadataBuilderImpl.java:85) ~[hibernate-core.jar:5.6.7.Final]
	at org.hibernate.cfg.Configuration.buildSessionFactory(Configuration.java:709) ~[hibernate-core.jar:5.6.7.Final]
	at org.hibernate.cfg.Configuration.buildSessionFactory(Configuration.java:746) ~[hibernate-core.jar:5.6.7.Final]
	at com.liferay.portal.spring.hibernate.PortalHibernateConfiguration._buildSessionFactory(PortalHibernateConfiguration.java:260) ~[portal-impl.jar:?]
	at com.liferay.portal.spring.hibernate.PortalHibernateConfiguration.afterPropertiesSet(PortalHibernateConfiguration.java:162) ~[portal-impl.jar:?]
	at com.liferay.portal.spring.context.PortalContextLoaderListener.lambda$_contextInitialized$0(PortalContextLoaderListener.java:383) ~[portal-impl.jar:?]
	at java.util.concurrent.FutureTask.run(FutureTask.java:317) ~[?:?]
	at java.util.concurrent.ThreadPoolExecutor.runWorker(ThreadPoolExecutor.java:1144) ~[?:?]
	at java.util.concurrent.ThreadPoolExecutor$Worker.run(ThreadPoolExecutor.java:642) ~[?:?]
	at java.lang.Thread.run(Thread.java:1583) ~[?:?]
Caused by: org.hibernate.boot.registry.classloading.spi.ClassLoadingException: Unable to load class [com.liferay.portal.dao.db.hibernate.MySQL8Dialect]
	at org.hibernate.boot.registry.classloading.internal.ClassLoaderServiceImpl.classForName(ClassLoaderServiceImpl.java:133) ~[hibernate-core.jar:5.6.7.Final]
	at org.hibernate.boot.registry.selector.internal.StrategySelectorImpl.selectStrategyImplementor(StrategySelectorImpl.java:152) ~[hibernate-core.jar:5.6.7.Final]
	at org.hibernate.boot.registry.selector.internal.StrategySelectorImpl.resolveStrategy(StrategySelectorImpl.java:239) ~[hibernate-core.jar:5.6.7.Final]
	at org.hibernate.boot.registry.selector.internal.StrategySelectorImpl.resolveDefaultableStrategy(StrategySelectorImpl.java:183) ~[hibernate-core.jar:5.6.7.Final]
	at org.hibernate.boot.registry.selector.internal.StrategySelectorImpl.resolveDefaultableStrategy(StrategySelectorImpl.java:170) ~[hibernate-core.jar:5.6.7.Final]
	at org.hibernate.boot.registry.selector.internal.StrategySelectorImpl.resolveStrategy(StrategySelectorImpl.java:164) ~[hibernate-core.jar:5.6.7.Final]
	at org.hibernate.engine.jdbc.dialect.internal.DialectFactoryImpl.constructDialect(DialectFactoryImpl.java:74) ~[hibernate-core.jar:5.6.7.Final]
	at org.hibernate.engine.jdbc.dialect.internal.DialectFactoryImpl.buildDialect(DialectFactoryImpl.java:51) ~[hibernate-core.jar:5.6.7.Final]
	at org.hibernate.engine.jdbc.env.internal.JdbcEnvironmentInitiator.initiateService(JdbcEnvironmentInitiator.java:138) ~[hibernate-core.jar:5.6.7.Final]
	at org.hibernate.engine.jdbc.env.internal.JdbcEnvironmentInitiator.initiateService(JdbcEnvironmentInitiator.java:35) ~[hibernate-core.jar:5.6.7.Final]
	at org.hibernate.boot.registry.internal.StandardServiceRegistryImpl.initiateService(StandardServiceRegistryImpl.java:101) ~[hibernate-core.jar:5.6.7.Final]
	at org.hibernate.service.internal.AbstractServiceRegistryImpl.createService(AbstractServiceRegistryImpl.java:263) ~[hibernate-core.jar:5.6.7.Final]
	at org.hibernate.service.internal.AbstractServiceRegistryImpl.initializeService(AbstractServiceRegistryImpl.java:237) ~[hibernate-core.jar:5.6.7.Final]
	at org.hibernate.service.internal.AbstractServiceRegistryImpl.getService(AbstractServiceRegistryImpl.java:214) ~[hibernate-core.jar:5.6.7.Final]
	at org.hibernate.id.factory.internal.DefaultIdentifierGeneratorFactory.injectServices(DefaultIdentifierGeneratorFactory.java:175) ~[hibernate-core.jar:5.6.7.Final]
	at org.hibernate.service.internal.AbstractServiceRegistryImpl.injectDependencies(AbstractServiceRegistryImpl.java:286) ~[hibernate-core.jar:5.6.7.Final]
	at org.hibernate.service.internal.AbstractServiceRegistryImpl.initializeService(AbstractServiceRegistryImpl.java:243) ~[hibernate-core.jar:5.6.7.Final]
	at org.hibernate.service.internal.AbstractServiceRegistryImpl.getService(AbstractServiceRegistryImpl.java:214) ~[hibernate-core.jar:5.6.7.Final]
	at org.hibernate.boot.internal.InFlightMetadataCollectorImpl.<init>(InFlightMetadataCollectorImpl.java:173) ~[hibernate-core.jar:5.6.7.Final]
	at org.hibernate.boot.model.process.spi.MetadataBuildingProcess.complete(MetadataBuildingProcess.java:127) ~[hibernate-core.jar:5.6.7.Final]
	at org.hibernate.boot.model.process.spi.MetadataBuildingProcess.build(MetadataBuildingProcess.java:86) ~[hibernate-core.jar:5.6.7.Final]
	at org.hibernate.boot.internal.MetadataBuilderImpl.build(MetadataBuilderImpl.java:479) ~[hibernate-core.jar:5.6.7.Final]
	at org.hibernate.boot.internal.MetadataBuilderImpl.build(MetadataBuilderImpl.java:85) ~[hibernate-core.jar:5.6.7.Final]
	at org.hibernate.cfg.Configuration.buildSessionFactory(Configuration.java:709) ~[hibernate-core.jar:5.6.7.Final]
	at org.hibernate.cfg.Configuration.buildSessionFactory(Configuration.java:746) ~[hibernate-core.jar:5.6.7.Final]
	at com.liferay.portal.spring.hibernate.PortalHibernateConfiguration._buildSessionFactory(PortalHibernateConfiguration.java:260) ~[portal-impl.jar:?]
	at com.liferay.portal.spring.hibernate.PortalHibernateConfiguration.afterPropertiesSet(PortalHibernateConfiguration.java:162) ~[portal-impl.jar:?]
	at com.liferay.portal.spring.context.PortalContextLoaderListener.lambda$_contextInitialized$0(PortalContextLoaderListener.java:383) ~[portal-impl.jar:?]
	at java.util.concurrent.FutureTask.run(FutureTask.java:317) ~[?:?]
	at java.util.concurrent.ThreadPoolExecutor.runWorker(ThreadPoolExecutor.java:1144) ~[?:?]
	at java.util.concurrent.ThreadPoolExecutor$Worker.run(ThreadPoolExecutor.java:642) ~[?:?]
	at java.lang.Thread.run(Thread.java:1583) ~[?:?]
Caused by: java.lang.ClassNotFoundException: Could not load requested class : com.liferay.portal.dao.db.hibernate.MySQL8Dialect
	at org.hibernate.boot.registry.classloading.internal.AggregatedClassLoader.findClass(AggregatedClassLoader.java:210) ~[hibernate-core.jar:5.6.7.Final]
	at java.lang.ClassLoader.loadClass(ClassLoader.java:593) ~[?:?]
	at java.lang.ClassLoader.loadClass(ClassLoader.java:526) ~[?:?]
	at java.lang.Class.forName0(Native Method) ~[?:?]
	at java.lang.Class.forName(Class.java:536) ~[?:?]
	at java.lang.Class.forName(Class.java:515) ~[?:?]
	at org.hibernate.boot.registry.classloading.internal.ClassLoaderServiceImpl.classForName(ClassLoaderServiceImpl.java:130) ~[hibernate-core.jar:5.6.7.Final]
	at org.hibernate.boot.registry.selector.internal.StrategySelectorImpl.selectStrategyImplementor(StrategySelectorImpl.java:152) ~[hibernate-core.jar:5.6.7.Final]
	at org.hibernate.boot.registry.selector.internal.StrategySelectorImpl.resolveStrategy(StrategySelectorImpl.java:239) ~[hibernate-core.jar:5.6.7.Final]
	at org.hibernate.boot.registry.selector.internal.StrategySelectorImpl.resolveDefaultableStrategy(StrategySelectorImpl.java:183) ~[hibernate-core.jar:5.6.7.Final]
	at org.hibernate.boot.registry.selector.internal.StrategySelectorImpl.resolveDefaultableStrategy(StrategySelectorImpl.java:170) ~[hibernate-core.jar:5.6.7.Final]
	at org.hibernate.boot.registry.selector.internal.StrategySelectorImpl.resolveStrategy(StrategySelectorImpl.java:164) ~[hibernate-core.jar:5.6.7.Final]
	at org.hibernate.engine.jdbc.dialect.internal.DialectFactoryImpl.constructDialect(DialectFactoryImpl.java:74) ~[hibernate-core.jar:5.6.7.Final]
	at org.hibernate.engine.jdbc.dialect.internal.DialectFactoryImpl.buildDialect(DialectFactoryImpl.java:51) ~[hibernate-core.jar:5.6.7.Final]
	at org.hibernate.engine.jdbc.env.internal.JdbcEnvironmentInitiator.initiateService(JdbcEnvironmentInitiator.java:138) ~[hibernate-core.jar:5.6.7.Final]
	at org.hibernate.engine.jdbc.env.internal.JdbcEnvironmentInitiator.initiateService(JdbcEnvironmentInitiator.java:35) ~[hibernate-core.jar:5.6.7.Final]
	at org.hibernate.boot.registry.internal.StandardServiceRegistryImpl.initiateService(StandardServiceRegistryImpl.java:101) ~[hibernate-core.jar:5.6.7.Final]
	at org.hibernate.service.internal.AbstractServiceRegistryImpl.createService(AbstractServiceRegistryImpl.java:263) ~[hibernate-core.jar:5.6.7.Final]
	at org.hibernate.service.internal.AbstractServiceRegistryImpl.initializeService(AbstractServiceRegistryImpl.java:237) ~[hibernate-core.jar:5.6.7.Final]
	at org.hibernate.service.internal.AbstractServiceRegistryImpl.getService(AbstractServiceRegistryImpl.java:214) ~[hibernate-core.jar:5.6.7.Final]
	at org.hibernate.id.factory.internal.DefaultIdentifierGeneratorFactory.injectServices(DefaultIdentifierGeneratorFactory.java:175) ~[hibernate-core.jar:5.6.7.Final]
	at org.hibernate.service.internal.AbstractServiceRegistryImpl.injectDependencies(AbstractServiceRegistryImpl.java:286) ~[hibernate-core.jar:5.6.7.Final]
	at org.hibernate.service.internal.AbstractServiceRegistryImpl.initializeService(AbstractServiceRegistryImpl.java:243) ~[hibernate-core.jar:5.6.7.Final]
	at org.hibernate.service.internal.AbstractServiceRegistryImpl.getService(AbstractServiceRegistryImpl.java:214) ~[hibernate-core.jar:5.6.7.Final]
	at org.hibernate.boot.internal.InFlightMetadataCollectorImpl.<init>(InFlightMetadataCollectorImpl.java:173) ~[hibernate-core.jar:5.6.7.Final]
	at org.hibernate.boot.model.process.spi.MetadataBuildingProcess.complete(MetadataBuildingProcess.java:127) ~[hibernate-core.jar:5.6.7.Final]
	at org.hibernate.boot.model.process.spi.MetadataBuildingProcess.build(MetadataBuildingProcess.java:86) ~[hibernate-core.jar:5.6.7.Final]
	at org.hibernate.boot.internal.MetadataBuilderImpl.build(MetadataBuilderImpl.java:479) ~[hibernate-core.jar:5.6.7.Final]
	at org.hibernate.boot.internal.MetadataBuilderImpl.build(MetadataBuilderImpl.java:85) ~[hibernate-core.jar:5.6.7.Final]
	at org.hibernate.cfg.Configuration.buildSessionFactory(Configuration.java:709) ~[hibernate-core.jar:5.6.7.Final]
	at org.hibernate.cfg.Configuration.buildSessionFactory(Configuration.java:746) ~[hibernate-core.jar:5.6.7.Final]
	at com.liferay.portal.spring.hibernate.PortalHibernateConfiguration._buildSessionFactory(PortalHibernateConfiguration.java:260) ~[portal-impl.jar:?]
	at com.liferay.portal.spring.hibernate.PortalHibernateConfiguration.afterPropertiesSet(PortalHibernateConfiguration.java:162) ~[portal-impl.jar:?]
	at com.liferay.portal.spring.context.PortalContextLoaderListener.lambda$_contextInitialized$0(PortalContextLoaderListener.java:383) ~[portal-impl.jar:?]
	at java.util.concurrent.FutureTask.run(FutureTask.java:317) ~[?:?]
	at java.util.concurrent.ThreadPoolExecutor.runWorker(ThreadPoolExecutor.java:1144) ~[?:?]
	at java.util.concurrent.ThreadPoolExecutor$Worker.run(ThreadPoolExecutor.java:642) ~[?:?]
	at java.lang.Thread.run(Thread.java:1583) ~[?:?]
2026-04-19 09:50:37.048 ERROR [main][PortalBeanLocatorUtil:46] BeanLocator is null
